build/app/intermediates/manifest_merge_blame_file/debug/manifest-merger-blame-debug-report.txt
1<?xml version="1.0" encoding="utf-8"?>
2<manifest xmlns:android="http://schemas.android.com/apk/res/android"
3    package="com.protectiondogs.petsProtection"
4    android:versionCode="1"
5    android:versionName="1.0.0" >
6
7    <uses-sdk
8        android:minSdkVersion="21"
9        android:targetSdkVersion="31" />
10    <!--
11         Flutter needs it to communicate with the running application
12         to allow setting breakpoints, to provide hot reload, etc.
13    -->
14    <uses-permission android:name="android.permission.INTERNET" />
14-->src/main/AndroidManifest.xml:5:5-66
14-->src/main/AndroidManifest.xml:5:22-64
15    <!-- See https://developer.android.com/training/package-visibility/declaring for more details. -->
16    <queries>
16-->[com.stripe:payments-core:19.1.1] AndroidManifest.xml:10:5-14:15
17
18        <!-- Added to check if Chrome is installed for browser-based payment authentication (e.g. 3DS1). -->
19        <package android:name="com.android.chrome" />
19-->[com.stripe:payments-core:19.1.1] AndroidManifest.xml:13:9-54
19-->[com.stripe:payments-core:19.1.1] AndroidManifest.xml:13:18-51
20        <!-- Needs to be explicitly declared on Android R+ -->
21        <package android:name="com.google.android.apps.maps" />
21-->[com.google.android.gms:play-services-maps:18.0.2] AndroidManifest.xml:33:9-64
21-->[com.google.android.gms:play-services-maps:18.0.2] AndroidManifest.xml:33:18-61
22    </queries>
23
24    <uses-permission android:name="android.permission.ACCESS_NETWORK_STATE" />
24-->[com.google.android.exoplayer:exoplayer-core:2.14.1] AndroidManifest.xml:24:5-79
24-->[com.google.android.exoplayer:exoplayer-core:2.14.1] AndroidManifest.xml:24:22-76
25
26    <uses-feature
26-->[com.google.android.gms:play-services-maps:18.0.2] AndroidManifest.xml:26:5-28:35
27        android:glEsVersion="0x00020000"
27-->[com.google.android.gms:play-services-maps:18.0.2] AndroidManifest.xml:27:9-41
28        android:required="true" />
28-->[com.google.android.gms:play-services-maps:18.0.2] AndroidManifest.xml:28:9-32
29
30    <application
31        android:name="android.app.Application"
32        android:appComponentFactory="androidx.core.app.CoreComponentFactory"
32-->[androidx.core:core:1.7.0] AndroidManifest.xml:24:18-86
33        android:debuggable="true"
34        android:icon="@mipmap/ic_launcher"
35        android:label="Protections Dogs Worldwide"
36        android:networkSecurityConfig="@xml/network_security_config" >
37        <activity
38            android:name="com.pwd.pwd_app.MainActivity"
39            android:configChanges="orientation|keyboardHidden|keyboard|screenSize|smallestScreenSize|locale|layoutDirection|fontScale|screenLayout|density|uiMode"
40            android:exported="true"
41            android:hardwareAccelerated="true"
42            android:launchMode="singleTop"
43            android:theme="@style/AppFullScreenTheme"
44            android:windowSoftInputMode="adjustResize" >
45
46            <!--
47                 Specifies an Android theme to apply to this Activity as soon as
48                 the Android process has started. This theme is visible to the user
49                 while the Flutter UI initializes. After that, this theme continues
50                 to determine the Window background behind the Flutter UI.
51            -->
52            <meta-data
53                android:name="io.flutter.embedding.android.NormalTheme"
54                android:resource="@style/NormalTheme" />
55
56            <intent-filter>
57                <action android:name="android.intent.action.MAIN" />
58
59                <category android:name="android.intent.category.LAUNCHER" />
60
61                <data
61-->[com.stripe:payments-core:19.1.1] AndroidManifest.xml:55:17-58:50
62                    android:host="ec2-13-40-57-235.eu-west-2.compute.amazonaws.com:8080/petsProtection/callback"
62-->[com.stripe:payments-core:19.1.1] AndroidManifest.xml:56:21-54
63                    android:scheme="flutterstripe" />
63-->[com.stripe:payments-core:19.1.1] AndroidManifest.xml:58:21-47
64            </intent-filter>
65        </activity>
66        <!--
67             Don't delete the meta-data below.
68             This is used by the Flutter tool to generate GeneratedPluginRegistrant.java
69        -->
70        <meta-data
71            android:name="flutterEmbedding"
72            android:value="2" />
73
74        <provider
74-->[:image_picker] AndroidManifest.xml:8:9-16:20
75            android:name="io.flutter.plugins.imagepicker.ImagePickerFileProvider"
75-->[:image_picker] AndroidManifest.xml:9:13-82
76            android:authorities="com.protectiondogs.petsProtection.flutter.image_provider"
76-->[:image_picker] AndroidManifest.xml:10:13-74
77            android:exported="false"
77-->[:image_picker] AndroidManifest.xml:11:13-37
78            android:grantUriPermissions="true" >
78-->[:image_picker] AndroidManifest.xml:12:13-47
79            <meta-data
79-->[:image_picker] AndroidManifest.xml:13:13-15:75
80                android:name="android.support.FILE_PROVIDER_PATHS"
80-->[:image_picker] AndroidManifest.xml:14:17-67
81                android:resource="@xml/flutter_image_picker_file_paths" />
81-->[:image_picker] AndroidManifest.xml:15:17-72
82        </provider>
83
84        <activity
84-->[com.stripe:paymentsheet:19.1.1] AndroidManifest.xml:10:9-13:69
85            android:name="com.stripe.android.paymentsheet.PaymentSheetActivity"
85-->[com.stripe:paymentsheet:19.1.1] AndroidManifest.xml:11:13-80
86            android:exported="false"
86-->[com.stripe:paymentsheet:19.1.1] AndroidManifest.xml:12:13-37
87            android:theme="@style/StripePaymentSheetDefaultTheme" />
87-->[com.stripe:paymentsheet:19.1.1] AndroidManifest.xml:13:13-66
88        <activity
88-->[com.stripe:paymentsheet:19.1.1] AndroidManifest.xml:14:9-17:69
89            android:name="com.stripe.android.paymentsheet.PaymentOptionsActivity"
89-->[com.stripe:paymentsheet:19.1.1] AndroidManifest.xml:15:13-82
90            android:exported="false"
90-->[com.stripe:paymentsheet:19.1.1] AndroidManifest.xml:16:13-37
91            android:theme="@style/StripePaymentSheetDefaultTheme" />
91-->[com.stripe:paymentsheet:19.1.1] AndroidManifest.xml:17:13-66
92        <activity
92-->[com.stripe:payments-core:19.1.1] AndroidManifest.xml:17:9-20:57
93            android:name="com.stripe.android.view.AddPaymentMethodActivity"
93-->[com.stripe:payments-core:19.1.1] AndroidManifest.xml:18:13-76
94            android:exported="false"
94-->[com.stripe:payments-core:19.1.1] AndroidManifest.xml:19:13-37
95            android:theme="@style/StripeDefaultTheme" />
95-->[com.stripe:payments-core:19.1.1] AndroidManifest.xml:20:13-54
96        <activity
96-->[com.stripe:payments-core:19.1.1] AndroidManifest.xml:21:9-24:57
97            android:name="com.stripe.android.view.PaymentMethodsActivity"
97-->[com.stripe:payments-core:19.1.1] AndroidManifest.xml:22:13-74
98            android:exported="false"
98-->[com.stripe:payments-core:19.1.1] AndroidManifest.xml:23:13-37
99            android:theme="@style/StripeDefaultTheme" />
99-->[com.stripe:payments-core:19.1.1] AndroidManifest.xml:24:13-54
100        <activity
100-->[com.stripe:payments-core:19.1.1] AndroidManifest.xml:25:9-28:57
101            android:name="com.stripe.android.view.PaymentFlowActivity"
101-->[com.stripe:payments-core:19.1.1] AndroidManifest.xml:26:13-71
102            android:exported="false"
102-->[com.stripe:payments-core:19.1.1] AndroidManifest.xml:27:13-37
103            android:theme="@style/StripeDefaultTheme" />
103-->[com.stripe:payments-core:19.1.1] AndroidManifest.xml:28:13-54
104        <activity
104-->[com.stripe:payments-core:19.1.1] AndroidManifest.xml:29:9-33:58
105            android:name="com.stripe.android.view.PaymentAuthWebViewActivity"
105-->[com.stripe:payments-core:19.1.1] AndroidManifest.xml:30:13-78
106            android:exported="false"
106-->[com.stripe:payments-core:19.1.1] AndroidManifest.xml:31:13-37
107            android:theme="@style/StripeDefaultTheme"
107-->[com.stripe:payments-core:19.1.1] AndroidManifest.xml:32:13-54
108            android:windowSoftInputMode="adjustResize" />
108-->[com.stripe:payments-core:19.1.1] AndroidManifest.xml:33:13-55
109        <activity
109-->[com.stripe:payments-core:19.1.1] AndroidManifest.xml:34:9-37:61
110            android:name="com.stripe.android.view.PaymentRelayActivity"
110-->[com.stripe:payments-core:19.1.1] AndroidManifest.xml:35:13-72
111            android:exported="false"
111-->[com.stripe:payments-core:19.1.1] AndroidManifest.xml:36:13-37
112            android:theme="@style/StripeTransparentTheme" />
112-->[com.stripe:payments-core:19.1.1] AndroidManifest.xml:37:13-58
113        <!--
114        Set android:launchMode="singleTop" so that the StripeBrowserLauncherActivity instance that
115        launched the browser Activity will also handle the return URL deep link.
116        -->
117        <activity
117-->[com.stripe:payments-core:19.1.1] AndroidManifest.xml:43:9-60:20
118            android:name="com.stripe.android.payments.StripeBrowserLauncherActivity"
118-->[com.stripe:payments-core:19.1.1] AndroidManifest.xml:44:13-85
119            android:exported="true"
119-->[com.stripe:payments-core:19.1.1] AndroidManifest.xml:45:13-36
120            android:launchMode="singleTask"
120-->[com.stripe:payments-core:19.1.1] AndroidManifest.xml:46:13-44
121            android:theme="@style/StripeTransparentTheme" >
121-->[com.stripe:payments-core:19.1.1] AndroidManifest.xml:47:13-58
122            <intent-filter>
122-->[com.stripe:payments-core:19.1.1] AndroidManifest.xml:48:13-59:29
123                <action android:name="android.intent.action.VIEW" />
123-->[com.stripe:payments-core:19.1.1] AndroidManifest.xml:49:17-69
123-->[com.stripe:payments-core:19.1.1] AndroidManifest.xml:49:25-66
124
125                <category android:name="android.intent.category.DEFAULT" />
125-->[com.stripe:payments-core:19.1.1] AndroidManifest.xml:51:17-76
125-->[com.stripe:payments-core:19.1.1] AndroidManifest.xml:51:27-73
126                <category android:name="android.intent.category.BROWSABLE" />
126-->[com.stripe:payments-core:19.1.1] AndroidManifest.xml:52:17-78
126-->[com.stripe:payments-core:19.1.1] AndroidManifest.xml:52:27-75
127
128                <!-- Must match `DefaultReturnUrl#value`. -->
129                <data
129-->[com.stripe:payments-core:19.1.1] AndroidManifest.xml:55:17-58:50
130                    android:host="payment_return_url"
130-->[com.stripe:payments-core:19.1.1] AndroidManifest.xml:56:21-54
131                    android:path="/com.protectiondogs.petsProtection"
131-->[com.stripe:payments-core:19.1.1] AndroidManifest.xml:57:21-53
132                    android:scheme="stripesdk" />
132-->[com.stripe:payments-core:19.1.1] AndroidManifest.xml:58:21-47
133            </intent-filter>
134        </activity>
135        <activity
135-->[com.stripe:payments-core:19.1.1] AndroidManifest.xml:61:9-64:57
136            android:name="com.stripe.android.payments.core.authentication.threeds2.Stripe3ds2TransactionActivity"
136-->[com.stripe:payments-core:19.1.1] AndroidManifest.xml:62:13-114
137            android:exported="false"
137-->[com.stripe:payments-core:19.1.1] AndroidManifest.xml:63:13-37
138            android:theme="@style/StripeDefaultTheme" />
138-->[com.stripe:payments-core:19.1.1] AndroidManifest.xml:64:13-54
139        <activity
139-->[com.stripe:payments-core:19.1.1] AndroidManifest.xml:65:9-68:66
140            android:name="com.stripe.android.googlepaylauncher.StripeGooglePayActivity"
140-->[com.stripe:payments-core:19.1.1] AndroidManifest.xml:66:13-88
141            android:exported="false"
141-->[com.stripe:payments-core:19.1.1] AndroidManifest.xml:67:13-37
142            android:theme="@style/StripeGooglePayDefaultTheme" />
142-->[com.stripe:payments-core:19.1.1] AndroidManifest.xml:68:13-63
143        <activity
143-->[com.stripe:payments-core:19.1.1] AndroidManifest.xml:69:9-72:66
144            android:name="com.stripe.android.googlepaylauncher.GooglePayLauncherActivity"
144-->[com.stripe:payments-core:19.1.1] AndroidManifest.xml:70:13-90
145            android:exported="false"
145-->[com.stripe:payments-core:19.1.1] AndroidManifest.xml:71:13-37
146            android:theme="@style/StripeGooglePayDefaultTheme" />
146-->[com.stripe:payments-core:19.1.1] AndroidManifest.xml:72:13-63
147        <activity
147-->[com.stripe:payments-core:19.1.1] AndroidManifest.xml:73:9-76:66
148            android:name="com.stripe.android.googlepaylauncher.GooglePayPaymentMethodLauncherActivity"
148-->[com.stripe:payments-core:19.1.1] AndroidManifest.xml:74:13-103
149            android:exported="false"
149-->[com.stripe:payments-core:19.1.1] AndroidManifest.xml:75:13-37
150            android:theme="@style/StripeGooglePayDefaultTheme" />
150-->[com.stripe:payments-core:19.1.1] AndroidManifest.xml:76:13-63
151        <activity
151-->[com.stripe:payments-core:19.1.1] AndroidManifest.xml:77:9-80:62
152            android:name="com.stripe.android.payments.paymentlauncher.PaymentLauncherConfirmationActivity"
152-->[com.stripe:payments-core:19.1.1] AndroidManifest.xml:78:13-107
153            android:exported="false"
153-->[com.stripe:payments-core:19.1.1] AndroidManifest.xml:79:13-37
154            android:theme="@style/PayLauncherDefaultTheme" />
154-->[com.stripe:payments-core:19.1.1] AndroidManifest.xml:80:13-59
155        <activity
155-->[com.stripe:stripe-3ds2-android:6.1.3] AndroidManifest.xml:10:9-13:54
156            android:name="com.stripe.android.stripe3ds2.views.ChallengeActivity"
156-->[com.stripe:stripe-3ds2-android:6.1.3] AndroidManifest.xml:11:13-81
157            android:exported="false"
157-->[com.stripe:stripe-3ds2-android:6.1.3] AndroidManifest.xml:12:13-37
158            android:theme="@style/Stripe3DS2Theme" />
158-->[com.stripe:stripe-3ds2-android:6.1.3] AndroidManifest.xml:13:13-51
159
160        <uses-library
160-->[androidx.window:window:1.0.0-beta04] AndroidManifest.xml:25:9-27:40
161            android:name="androidx.window.extensions"
161-->[androidx.window:window:1.0.0-beta04] AndroidManifest.xml:26:13-54
162            android:required="false" />
162-->[androidx.window:window:1.0.0-beta04] AndroidManifest.xml:27:13-37
163        <uses-library
163-->[androidx.window:window:1.0.0-beta04] AndroidManifest.xml:28:9-30:40
164            android:name="androidx.window.sidecar"
164-->[androidx.window:window:1.0.0-beta04] AndroidManifest.xml:29:13-51
165            android:required="false" /> <!-- Needs to be explicitly declared on P+ -->
165-->[androidx.window:window:1.0.0-beta04] AndroidManifest.xml:30:13-37
166        <uses-library
166-->[com.google.android.gms:play-services-maps:18.0.2] AndroidManifest.xml:39:9-41:40
167            android:name="org.apache.http.legacy"
167-->[com.google.android.gms:play-services-maps:18.0.2] AndroidManifest.xml:40:13-50
168            android:required="false" />
168-->[com.google.android.gms:play-services-maps:18.0.2] AndroidManifest.xml:41:13-37
169
170        <activity
170-->[com.google.android.gms:play-services-base:18.0.1] AndroidManifest.xml:20:9-22:45
171            android:name="com.google.android.gms.common.api.GoogleApiActivity"
171-->[com.google.android.gms:play-services-base:18.0.1] AndroidManifest.xml:20:19-85
172            android:exported="false"
172-->[com.google.android.gms:play-services-base:18.0.1] AndroidManifest.xml:22:19-43
173            android:theme="@android:style/Theme.Translucent.NoTitleBar" />
173-->[com.google.android.gms:play-services-base:18.0.1] AndroidManifest.xml:21:19-78
174
175        <meta-data
175-->[com.google.android.gms:play-services-basement:18.0.0] AndroidManifest.xml:21:9-23:69
176            android:name="com.google.android.gms.version"
176-->[com.google.android.gms:play-services-basement:18.0.0] AndroidManifest.xml:22:13-58
177            android:value="@integer/google_play_services_version" />
177-->[com.google.android.gms:play-services-basement:18.0.0] AndroidManifest.xml:23:13-66
178
179        <provider
179-->[androidx.profileinstaller:profileinstaller:1.0.4] AndroidManifest.xml:26:9-34:20
180            android:name="androidx.startup.InitializationProvider"
180-->[androidx.profileinstaller:profileinstaller:1.0.4] AndroidManifest.xml:27:13-67
181            android:authorities="com.protectiondogs.petsProtection.androidx-startup"
181-->[androidx.profileinstaller:profileinstaller:1.0.4] AndroidManifest.xml:28:13-68
182            android:exported="false" >
182-->[androidx.profileinstaller:profileinstaller:1.0.4] AndroidManifest.xml:29:13-37
183            <meta-data
183-->[androidx.profileinstaller:profileinstaller:1.0.4] AndroidManifest.xml:31:13-33:52
184                android:name="androidx.profileinstaller.ProfileInstallerInitializer"
184-->[androidx.profileinstaller:profileinstaller:1.0.4] AndroidManifest.xml:32:17-85
185                android:value="androidx.startup" />
185-->[androidx.profileinstaller:profileinstaller:1.0.4] AndroidManifest.xml:33:17-49
186        </provider>
187
188        <receiver
188-->[androidx.profileinstaller:profileinstaller:1.0.4] AndroidManifest.xml:36:9-45:20
189            android:name="androidx.profileinstaller.ProfileInstallReceiver"
189-->[androidx.profileinstaller:profileinstaller:1.0.4] AndroidManifest.xml:37:13-76
190            android:directBootAware="false"
190-->[androidx.profileinstaller:profileinstaller:1.0.4] AndroidManifest.xml:38:13-44
191            android:enabled="true"
191-->[androidx.profileinstaller:profileinstaller:1.0.4] AndroidManifest.xml:39:13-35
192            android:exported="true"
192-->[androidx.profileinstaller:profileinstaller:1.0.4] AndroidManifest.xml:40:13-36
193            android:permission="android.permission.DUMP" >
193-->[androidx.profileinstaller:profileinstaller:1.0.4] AndroidManifest.xml:41:13-57
194            <intent-filter>
194-->[androidx.profileinstaller:profileinstaller:1.0.4] AndroidManifest.xml:42:13-44:29
195                <action android:name="androidx.profileinstaller.action.INSTALL_PROFILE" />
195-->[androidx.profileinstaller:profileinstaller:1.0.4] AndroidManifest.xml:43:17-91
195-->[androidx.profileinstaller:profileinstaller:1.0.4] AndroidManifest.xml:43:25-88
196            </intent-filter>
197        </receiver>
198
199        <meta-data
199-->[com.google.android.instantapps:instantapps:1.1.0] AndroidManifest.xml:10:9-12:33
200            android:name="aia-compat-api-min-version"
200-->[com.google.android.instantapps:instantapps:1.1.0] AndroidManifest.xml:11:13-54
201            android:value="1" />
201-->[com.google.android.instantapps:instantapps:1.1.0] AndroidManifest.xml:12:13-30
202    </application>
203
204</manifest>